<!DOCTYPE html PUBLIC "-//W3C//DTD XHTML 1.1//EN" "https://www.w3.org/TR/xhtml11/DTD/xhtml11.dtd">
<html xmlns="https://www.w3.org/1999/xhtml">
<head>
<meta http-equiv="content-type" content="text/html; charset=UTF-8"/>
<title>TestNG Report</title>
<style type="text/css">table {margin-bottom:10px;border-collapse:collapse;empty-cells:show}th,td {border:1px solid #009;padding:.25em .5em}th {vertical-align:bottom}td {vertical-align:top}table a {font-weight:bold}.stripe td {background-color: #E6EBF9}.num {text-align:right}.passedodd td {background-color: #3F3}.passedeven td {background-color: #0A0}.skippedodd td {background-color: #DDD}.skippedeven td {background-color: #CCC}.failedodd td,.attn {background-color: #F33}.failedeven td,.stripe .attn {background-color: #D00}.stacktrace {white-space:pre;font-family:monospace}.totop {font-size:85%;text-align:center;border-bottom:2px solid #000}.invisible {display:none}</style>
</head>
<body>
<table>
<tr><th>Test</th><th># Passed</th><th># Skipped</th><th># Retried</th><th># Failed</th><th>Time (ms)</th><th>Included Groups</th><th>Excluded Groups</th></tr>
<tr><th colspan="8">Suite</th></tr>
<tr><td><a href="#t0">Test</a></td><td class="num">5</td><td class="num">0</td><td class="num attn">2</td><td class="num attn">1</td><td class="num">144,026</td><td></td><td></td></tr>
</table>
<table id='summary'><thead><tr><th>Class</th><th>Method</th><th>Start</th><th>Time (ms)</th></tr></thead><tbody><tr><th colspan="4">Suite</th></tr></tbody><tbody id="t0"><tr><th colspan="4">Test &#8212; failed</th></tr><tr class="failedeven"><td rowspan="1">SeleniumPackage1.Seleniumproject1.Searching_with_filters</td><td><a href="#m0">filters</a></td><td rowspan="1">1727978970562</td><td rowspan="1">26520</td></tr><tr><th colspan="4">Test &#8212; retried</th></tr><tr class="retriedeven"><td rowspan="2">SeleniumPackage1.Seleniumproject1.Searching_with_filters</td><td><a href="#m1">filters</a></td><td rowspan="2">1727978910226</td><td rowspan="2">26683</td></tr><tr class="retriedeven"><td><a href="#m2">filters</a></td></tr><tr><th colspan="4">Test &#8212; passed</th></tr><tr class="passedeven"><td rowspan="1">SeleniumPackage1.Seleniumproject1.Edit_Profile_Info</td><td><a href="#m3">edit1</a></td><td rowspan="1">1727978886467</td><td rowspan="1">11261</td></tr><tr class="passedodd"><td rowspan="1">SeleniumPackage1.Seleniumproject1.Login_to_Amazon</td><td><a href="#m4">login1</a></td><td rowspan="1">1727978868504</td><td rowspan="1">4982</td></tr><tr class="passedeven"><td rowspan="1">SeleniumPackage1.Seleniumproject1.Login_with_invalid_credential</td><td><a href="#m5">invalid</a></td><td rowspan="1">1727978878258</td><td rowspan="1">4963</td></tr><tr class="passedodd"><td rowspan="1">SeleniumPackage1.Seleniumproject1.Registration_to_Amazon</td><td><a href="#m6">creating_new_account</a></td><td rowspan="1">1727978858849</td><td rowspan="1">3631</td></tr><tr class="passedeven"><td rowspan="1">SeleniumPackage1.Seleniumproject1.Search_for_product</td><td><a href="#m7">search1</a></td><td rowspan="1">1727978903629</td><td rowspan="1">2454</td></tr></tbody>
</table>
<h2>Test</h2><h3 id="m0">SeleniumPackage1.Seleniumproject1.Searching_with_filters#filters</h3><table class="result"><tr><th>Messages</th></tr><tr><td><div class="messages">Test case is failed</div></td></tr><tr><th>Exception</th></tr><tr><td><div class="stacktrace">java.lang.NullPointerException: Cannot invoke &quot;org.openqa.selenium.WebDriver.getClass()&quot; because &quot;exceptionDriver&quot; is null
	at org.openqa.selenium.support.ui.WebDriverWait.timeoutException(WebDriverWait.java:85)
	at org.openqa.selenium.support.ui.FluentWait.until(FluentWait.java:228)
	at SeleniumPackage1.Seleniumproject1.Amz_HomePage.cat1(Amz_HomePage.java:94)
	at SeleniumPackage1.Seleniumproject1.Searching_with_filters.filters(Searching_with_filters.java:21)
	at java.base/java.util.ArrayList.forEach(ArrayList.java:1511)
... Removed 27 stack frames</div></td></tr></table><p class="totop"><a href="#summary">back to summary</a></p>
<h3 id="m1">SeleniumPackage1.Seleniumproject1.Searching_with_filters#filters</h3><table class="result"><tr><th>Exception</th></tr><tr><td><div class="stacktrace">java.lang.NullPointerException: Cannot invoke &quot;org.openqa.selenium.WebDriver.getClass()&quot; because &quot;exceptionDriver&quot; is null
	at org.openqa.selenium.support.ui.WebDriverWait.timeoutException(WebDriverWait.java:85)
	at org.openqa.selenium.support.ui.FluentWait.until(FluentWait.java:228)
	at SeleniumPackage1.Seleniumproject1.Amz_HomePage.brand1(Amz_HomePage.java:100)
	at SeleniumPackage1.Seleniumproject1.Searching_with_filters.filters(Searching_with_filters.java:20)
	at java.base/java.util.ArrayList.forEach(ArrayList.java:1511)
... Removed 27 stack frames</div></td></tr></table><p class="totop"><a href="#summary">back to summary</a></p>
<h3 id="m2">SeleniumPackage1.Seleniumproject1.Searching_with_filters#filters</h3><table class="result"><tr><th>Exception</th></tr><tr><td><div class="stacktrace">java.lang.NullPointerException: Cannot invoke &quot;org.openqa.selenium.WebDriver.getClass()&quot; because &quot;exceptionDriver&quot; is null
	at org.openqa.selenium.support.ui.WebDriverWait.timeoutException(WebDriverWait.java:85)
	at org.openqa.selenium.support.ui.FluentWait.until(FluentWait.java:228)
	at SeleniumPackage1.Seleniumproject1.Amz_HomePage.cat1(Amz_HomePage.java:94)
	at SeleniumPackage1.Seleniumproject1.Searching_with_filters.filters(Searching_with_filters.java:21)
	at java.base/java.util.ArrayList.forEach(ArrayList.java:1511)
... Removed 27 stack frames</div></td></tr></table><p class="totop"><a href="#summary">back to summary</a></p>
<h3 id="m3">SeleniumPackage1.Seleniumproject1.Edit_Profile_Info#edit1</h3><table class="result"><tr class="param"><th>Parameter #1</th><th>Parameter #2</th></tr><tr class="param stripe"><td>9872129519</td><td>Seltos@123</td></tr><tr><th colspan="2">Messages</th></tr><tr><td colspan="2"><div class="messages">Test Case is passed</div></td></tr></table><p class="totop"><a href="#summary">back to summary</a></p>
<h3 id="m4">SeleniumPackage1.Seleniumproject1.Login_to_Amazon#login1</h3><table class="result"><tr class="param"><th>Parameter #1</th><th>Parameter #2</th></tr><tr class="param stripe"><td>9872129519</td><td>Seltos@123</td></tr><tr><th colspan="2">Messages</th></tr><tr><td colspan="2"><div class="messages">Test Case is passed</div></td></tr></table><p class="totop"><a href="#summary">back to summary</a></p>
<h3 id="m5">SeleniumPackage1.Seleniumproject1.Login_with_invalid_credential#invalid</h3><table class="result"><tr class="param"><th>Parameter #1</th><th>Parameter #2</th></tr><tr class="param stripe"><td>919112663309</td><td>hyo$$222!!!</td></tr><tr><th colspan="2">Messages</th></tr><tr><td colspan="2"><div class="messages">Test Case is passed</div></td></tr></table><p class="totop"><a href="#summary">back to summary</a></p>
<h3 id="m6">SeleniumPackage1.Seleniumproject1.Registration_to_Amazon#creating_new_account</h3><table class="result"><tr><th>Messages</th></tr><tr><td><div class="messages">Test Case is passed</div></td></tr></table><p class="totop"><a href="#summary">back to summary</a></p>
<h3 id="m7">SeleniumPackage1.Seleniumproject1.Search_for_product#search1</h3><table class="result"><tr><th>Messages</th></tr><tr><td><div class="messages">Test Case is passed</div></td></tr></table><p class="totop"><a href="#summary">back to summary</a></p>
</body>
</html>
