<?xml version="1.0" encoding="UTF-8"?>
<testng-results retried="2" ignored="0" total="8" passed="5" failed="1" skipped="0">
  <reporter-output>
    <line>
      <![CDATA[Test Case is passed]]>
    </line>
    <line>
      <![CDATA[Test Case is passed]]>
    </line>
    <line>
      <![CDATA[Test Case is passed]]>
    </line>
    <line>
      <![CDATA[Test Case is passed]]>
    </line>
    <line>
      <![CDATA[Test Case is passed]]>
    </line>
    <line>
      <![CDATA[Test case is failed]]>
    </line>
  </reporter-output>
  <suite started-at="2024-10-03T23:37:33 IST" name="Suite" finished-at="2024-10-03T23:39:57 IST" duration-ms="144026">
    <groups>
    </groups>
    <test started-at="2024-10-03T23:37:33 IST" name="Test" finished-at="2024-10-03T23:39:57 IST" duration-ms="144026">
      <class name="SeleniumPackage1.Seleniumproject1.Edit_Profile_Info">
        <test-method is-config="true" signature="launchAmazon()[pri:0, instance:SeleniumPackage1.Seleniumproject1.Edit_Profile_Info@5a45133e]" started-at="2024-10-03T23:38:03 IST" name="launchAmazon" finished-at="2024-10-03T23:38:06 IST" duration-ms="2871" status="PASS">
          <reporter-output>
          </reporter-output>
        </test-method> <!-- launchAmazon -->
        <test-method signature="edit1(java.lang.String,java.lang.String)[pri:0, instance:SeleniumPackage1.Seleniumproject1.Edit_Profile_Info@5a45133e]" started-at="2024-10-03T23:38:06 IST" name="edit1" data-provider="inputs" finished-at="2024-10-03T23:38:17 IST" duration-ms="11261" status="PASS">
          <params>
            <param index="0">
              <value>
                <![CDATA[9872129519]]>
              </value>
            </param>
            <param index="1">
              <value>
                <![CDATA[Seltos@123]]>
              </value>
            </param>
          </params>
          <reporter-output>
            <line>
              <![CDATA[Test Case is passed]]>
            </line>
          </reporter-output>
        </test-method> <!-- edit1 -->
        <test-method is-config="true" signature="close()[pri:0, instance:SeleniumPackage1.Seleniumproject1.Edit_Profile_Info@5a45133e]" started-at="2024-10-03T23:38:17 IST" name="close" finished-at="2024-10-03T23:38:18 IST" duration-ms="336" status="PASS">
          <reporter-output>
          </reporter-output>
        </test-method> <!-- close -->
      </class> <!-- SeleniumPackage1.Seleniumproject1.Edit_Profile_Info -->
      <class name="SeleniumPackage1.Seleniumproject1.Login_with_invalid_credential">
        <test-method is-config="true" signature="launchAmazon()[pri:0, instance:SeleniumPackage1.Seleniumproject1.Login_with_invalid_credential@1ed6388a]" started-at="2024-10-03T23:37:54 IST" name="launchAmazon" finished-at="2024-10-03T23:37:58 IST" duration-ms="4022" status="PASS">
          <reporter-output>
          </reporter-output>
        </test-method> <!-- launchAmazon -->
        <test-method signature="invalid(java.lang.String,java.lang.String)[pri:0, instance:SeleniumPackage1.Seleniumproject1.Login_with_invalid_credential@1ed6388a]" started-at="2024-10-03T23:37:58 IST" name="invalid" data-provider="inputs" finished-at="2024-10-03T23:38:03 IST" duration-ms="4963" status="PASS">
          <params>
            <param index="0">
              <value>
                <![CDATA[919112663309]]>
              </value>
            </param>
            <param index="1">
              <value>
                <![CDATA[hyo$$222!!!]]>
              </value>
            </param>
          </params>
          <reporter-output>
            <line>
              <![CDATA[Test Case is passed]]>
            </line>
          </reporter-output>
        </test-method> <!-- invalid -->
        <test-method is-config="true" signature="close()[pri:0, instance:SeleniumPackage1.Seleniumproject1.Login_with_invalid_credential@1ed6388a]" started-at="2024-10-03T23:38:03 IST" name="close" finished-at="2024-10-03T23:38:03 IST" duration-ms="220" status="PASS">
          <reporter-output>
          </reporter-output>
        </test-method> <!-- close -->
      </class> <!-- SeleniumPackage1.Seleniumproject1.Login_with_invalid_credential -->
      <class name="SeleniumPackage1.Seleniumproject1.Searching_with_filters">
        <test-method is-config="true" signature="launchAmazon()[pri:0, instance:SeleniumPackage1.Seleniumproject1.Searching_with_filters@4f80542f]" started-at="2024-10-03T23:38:26 IST" name="launchAmazon" finished-at="2024-10-03T23:38:30 IST" duration-ms="3702" status="PASS">
          <reporter-output>
          </reporter-output>
        </test-method> <!-- launchAmazon -->
        <test-method retried="true" signature="filters()[pri:0, instance:SeleniumPackage1.Seleniumproject1.Searching_with_filters@4f80542f]" started-at="2024-10-03T23:38:30 IST" name="filters" finished-at="2024-10-03T23:38:56 IST" duration-ms="26683" status="SKIP">
          <exception class="java.lang.NullPointerException">
            <message>
              <![CDATA[Cannot invoke "org.openqa.selenium.WebDriver.getClass()" because "exceptionDriver" is null]]>
            </message>
            <full-stacktrace>
              <![CDATA[java.lang.NullPointerException: Cannot invoke "org.openqa.selenium.WebDriver.getClass()" because "exceptionDriver" is null
at org.openqa.selenium.support.ui.WebDriverWait.timeoutException(WebDriverWait.java:85)
at org.openqa.selenium.support.ui.FluentWait.until(FluentWait.java:228)
at SeleniumPackage1.Seleniumproject1.Amz_HomePage.brand1(Amz_HomePage.java:100)
at SeleniumPackage1.Seleniumproject1.Searching_with_filters.filters(Searching_with_filters.java:20)
at java.base/jdk.internal.reflect.NativeMethodAccessorImpl.invoke0(Native Method)
at java.base/jdk.internal.reflect.NativeMethodAccessorImpl.invoke(NativeMethodAccessorImpl.java:77)
at java.base/jdk.internal.reflect.DelegatingMethodAccessorImpl.invoke(DelegatingMethodAccessorImpl.java:43)
at java.base/java.lang.reflect.Method.invoke(Method.java:568)
at org.testng.internal.MethodInvocationHelper.invokeMethod(MethodInvocationHelper.java:133)
at org.testng.internal.TestInvoker.invokeMethod(TestInvoker.java:598)
at org.testng.internal.TestInvoker.invokeTestMethod(TestInvoker.java:173)
at org.testng.internal.MethodRunner.runInSequence(MethodRunner.java:46)
at org.testng.internal.TestInvoker$MethodInvocationAgent.invoke(TestInvoker.java:824)
at org.testng.internal.TestInvoker.invokeTestMethods(TestInvoker.java:146)
at org.testng.internal.TestMethodWorker.invokeTestMethods(TestMethodWorker.java:146)
at org.testng.internal.TestMethodWorker.run(TestMethodWorker.java:128)
at java.base/java.util.ArrayList.forEach(ArrayList.java:1511)
at org.testng.TestRunner.privateRun(TestRunner.java:794)
at org.testng.TestRunner.run(TestRunner.java:596)
at org.testng.SuiteRunner.runTest(SuiteRunner.java:377)
at org.testng.SuiteRunner.runSequentially(SuiteRunner.java:371)
at org.testng.SuiteRunner.privateRun(SuiteRunner.java:332)
at org.testng.SuiteRunner.run(SuiteRunner.java:276)
at org.testng.SuiteRunnerWorker.runSuite(SuiteRunnerWorker.java:53)
at org.testng.SuiteRunnerWorker.run(SuiteRunnerWorker.java:96)
at org.testng.TestNG.runSuitesSequentially(TestNG.java:1212)
at org.testng.TestNG.runSuitesLocally(TestNG.java:1134)
at org.testng.TestNG.runSuites(TestNG.java:1063)
at org.testng.TestNG.run(TestNG.java:1031)
at org.testng.remote.AbstractRemoteTestNG.run(AbstractRemoteTestNG.java:115)
at org.testng.remote.RemoteTestNG.initAndRun(RemoteTestNG.java:293)
at org.testng.remote.RemoteTestNG.main(RemoteTestNG.java:91)
]]>
            </full-stacktrace>
          </exception> <!-- java.lang.NullPointerException -->
          <reporter-output>
          </reporter-output>
        </test-method> <!-- filters -->
        <test-method is-config="true" signature="close()[pri:0, instance:SeleniumPackage1.Seleniumproject1.Searching_with_filters@4f80542f]" started-at="2024-10-03T23:38:56 IST" name="close" finished-at="2024-10-03T23:38:57 IST" duration-ms="466" status="PASS">
          <reporter-output>
          </reporter-output>
        </test-method> <!-- close -->
        <test-method is-config="true" signature="launchAmazon()[pri:0, instance:SeleniumPackage1.Seleniumproject1.Searching_with_filters@4f80542f]" started-at="2024-10-03T23:38:57 IST" name="launchAmazon" finished-at="2024-10-03T23:39:01 IST" duration-ms="4258" status="PASS">
          <reporter-output>
          </reporter-output>
        </test-method> <!-- launchAmazon -->
        <test-method retried="true" signature="filters()[pri:0, instance:SeleniumPackage1.Seleniumproject1.Searching_with_filters@4f80542f]" started-at="2024-10-03T23:39:01 IST" name="filters" finished-at="2024-10-03T23:39:26 IST" duration-ms="25279" status="SKIP">
          <exception class="java.lang.NullPointerException">
            <message>
              <![CDATA[Cannot invoke "org.openqa.selenium.WebDriver.getClass()" because "exceptionDriver" is null]]>
            </message>
            <full-stacktrace>
              <![CDATA[java.lang.NullPointerException: Cannot invoke "org.openqa.selenium.WebDriver.getClass()" because "exceptionDriver" is null
at org.openqa.selenium.support.ui.WebDriverWait.timeoutException(WebDriverWait.java:85)
at org.openqa.selenium.support.ui.FluentWait.until(FluentWait.java:228)
at SeleniumPackage1.Seleniumproject1.Amz_HomePage.cat1(Amz_HomePage.java:94)
at SeleniumPackage1.Seleniumproject1.Searching_with_filters.filters(Searching_with_filters.java:21)
at java.base/jdk.internal.reflect.NativeMethodAccessorImpl.invoke0(Native Method)
at java.base/jdk.internal.reflect.NativeMethodAccessorImpl.invoke(NativeMethodAccessorImpl.java:77)
at java.base/jdk.internal.reflect.DelegatingMethodAccessorImpl.invoke(DelegatingMethodAccessorImpl.java:43)
at java.base/java.lang.reflect.Method.invoke(Method.java:568)
at org.testng.internal.MethodInvocationHelper.invokeMethod(MethodInvocationHelper.java:133)
at org.testng.internal.TestInvoker.invokeMethod(TestInvoker.java:598)
at org.testng.internal.TestInvoker.retryFailed(TestInvoker.java:213)
at org.testng.internal.MethodRunner.runInSequence(MethodRunner.java:58)
at org.testng.internal.TestInvoker$MethodInvocationAgent.invoke(TestInvoker.java:824)
at org.testng.internal.TestInvoker.invokeTestMethods(TestInvoker.java:146)
at org.testng.internal.TestMethodWorker.invokeTestMethods(TestMethodWorker.java:146)
at org.testng.internal.TestMethodWorker.run(TestMethodWorker.java:128)
at java.base/java.util.ArrayList.forEach(ArrayList.java:1511)
at org.testng.TestRunner.privateRun(TestRunner.java:794)
at org.testng.TestRunner.run(TestRunner.java:596)
at org.testng.SuiteRunner.runTest(SuiteRunner.java:377)
at org.testng.SuiteRunner.runSequentially(SuiteRunner.java:371)
at org.testng.SuiteRunner.privateRun(SuiteRunner.java:332)
at org.testng.SuiteRunner.run(SuiteRunner.java:276)
at org.testng.SuiteRunnerWorker.runSuite(SuiteRunnerWorker.java:53)
at org.testng.SuiteRunnerWorker.run(SuiteRunnerWorker.java:96)
at org.testng.TestNG.runSuitesSequentially(TestNG.java:1212)
at org.testng.TestNG.runSuitesLocally(TestNG.java:1134)
at org.testng.TestNG.runSuites(TestNG.java:1063)
at org.testng.TestNG.run(TestNG.java:1031)
at org.testng.remote.AbstractRemoteTestNG.run(AbstractRemoteTestNG.java:115)
at org.testng.remote.RemoteTestNG.initAndRun(RemoteTestNG.java:293)
at org.testng.remote.RemoteTestNG.main(RemoteTestNG.java:91)
]]>
            </full-stacktrace>
          </exception> <!-- java.lang.NullPointerException -->
          <reporter-output>
          </reporter-output>
        </test-method> <!-- filters -->
        <test-method is-config="true" signature="close()[pri:0, instance:SeleniumPackage1.Seleniumproject1.Searching_with_filters@4f80542f]" started-at="2024-10-03T23:39:26 IST" name="close" finished-at="2024-10-03T23:39:27 IST" duration-ms="461" status="PASS">
          <reporter-output>
          </reporter-output>
        </test-method> <!-- close -->
        <test-method is-config="true" signature="launchAmazon()[pri:0, instance:SeleniumPackage1.Seleniumproject1.Searching_with_filters@4f80542f]" started-at="2024-10-03T23:39:27 IST" name="launchAmazon" finished-at="2024-10-03T23:39:30 IST" duration-ms="3172" status="PASS">
          <reporter-output>
          </reporter-output>
        </test-method> <!-- launchAmazon -->
        <test-method signature="filters()[pri:0, instance:SeleniumPackage1.Seleniumproject1.Searching_with_filters@4f80542f]" started-at="2024-10-03T23:39:30 IST" name="filters" finished-at="2024-10-03T23:39:57 IST" duration-ms="26520" status="FAIL">
          <exception class="java.lang.NullPointerException">
            <message>
              <![CDATA[Cannot invoke "org.openqa.selenium.WebDriver.getClass()" because "exceptionDriver" is null]]>
            </message>
            <full-stacktrace>
              <![CDATA[java.lang.NullPointerException: Cannot invoke "org.openqa.selenium.WebDriver.getClass()" because "exceptionDriver" is null
at org.openqa.selenium.support.ui.WebDriverWait.timeoutException(WebDriverWait.java:85)
at org.openqa.selenium.support.ui.FluentWait.until(FluentWait.java:228)
at SeleniumPackage1.Seleniumproject1.Amz_HomePage.cat1(Amz_HomePage.java:94)
at SeleniumPackage1.Seleniumproject1.Searching_with_filters.filters(Searching_with_filters.java:21)
at java.base/jdk.internal.reflect.NativeMethodAccessorImpl.invoke0(Native Method)
at java.base/jdk.internal.reflect.NativeMethodAccessorImpl.invoke(NativeMethodAccessorImpl.java:77)
at java.base/jdk.internal.reflect.DelegatingMethodAccessorImpl.invoke(DelegatingMethodAccessorImpl.java:43)
at java.base/java.lang.reflect.Method.invoke(Method.java:568)
at org.testng.internal.MethodInvocationHelper.invokeMethod(MethodInvocationHelper.java:133)
at org.testng.internal.TestInvoker.invokeMethod(TestInvoker.java:598)
at org.testng.internal.TestInvoker.retryFailed(TestInvoker.java:213)
at org.testng.internal.MethodRunner.runInSequence(MethodRunner.java:58)
at org.testng.internal.TestInvoker$MethodInvocationAgent.invoke(TestInvoker.java:824)
at org.testng.internal.TestInvoker.invokeTestMethods(TestInvoker.java:146)
at org.testng.internal.TestMethodWorker.invokeTestMethods(TestMethodWorker.java:146)
at org.testng.internal.TestMethodWorker.run(TestMethodWorker.java:128)
at java.base/java.util.ArrayList.forEach(ArrayList.java:1511)
at org.testng.TestRunner.privateRun(TestRunner.java:794)
at org.testng.TestRunner.run(TestRunner.java:596)
at org.testng.SuiteRunner.runTest(SuiteRunner.java:377)
at org.testng.SuiteRunner.runSequentially(SuiteRunner.java:371)
at org.testng.SuiteRunner.privateRun(SuiteRunner.java:332)
at org.testng.SuiteRunner.run(SuiteRunner.java:276)
at org.testng.SuiteRunnerWorker.runSuite(SuiteRunnerWorker.java:53)
at org.testng.SuiteRunnerWorker.run(SuiteRunnerWorker.java:96)
at org.testng.TestNG.runSuitesSequentially(TestNG.java:1212)
at org.testng.TestNG.runSuitesLocally(TestNG.java:1134)
at org.testng.TestNG.runSuites(TestNG.java:1063)
at org.testng.TestNG.run(TestNG.java:1031)
at org.testng.remote.AbstractRemoteTestNG.run(AbstractRemoteTestNG.java:115)
at org.testng.remote.RemoteTestNG.initAndRun(RemoteTestNG.java:293)
at org.testng.remote.RemoteTestNG.main(RemoteTestNG.java:91)
]]>
            </full-stacktrace>
          </exception> <!-- java.lang.NullPointerException -->
          <reporter-output>
            <line>
              <![CDATA[Test case is failed]]>
            </line>
          </reporter-output>
        </test-method> <!-- filters -->
        <test-method is-config="true" signature="close()[pri:0, instance:SeleniumPackage1.Seleniumproject1.Searching_with_filters@4f80542f]" started-at="2024-10-03T23:39:57 IST" name="close" finished-at="2024-10-03T23:39:57 IST" duration-ms="457" status="PASS">
          <reporter-output>
          </reporter-output>
        </test-method> <!-- close -->
      </class> <!-- SeleniumPackage1.Seleniumproject1.Searching_with_filters -->
      <class name="SeleniumPackage1.Seleniumproject1.Login_to_Amazon">
        <test-method is-config="true" signature="launchAmazon()[pri:0, instance:SeleniumPackage1.Seleniumproject1.Login_to_Amazon@942a29c]" started-at="2024-10-03T23:37:44 IST" name="launchAmazon" finished-at="2024-10-03T23:37:48 IST" duration-ms="3883" status="PASS">
          <reporter-output>
          </reporter-output>
        </test-method> <!-- launchAmazon -->
        <test-method signature="login1(java.lang.String,java.lang.String)[pri:0, instance:SeleniumPackage1.Seleniumproject1.Login_to_Amazon@942a29c]" started-at="2024-10-03T23:37:48 IST" name="login1" data-provider="inputs" finished-at="2024-10-03T23:37:53 IST" duration-ms="4982" status="PASS">
          <params>
            <param index="0">
              <value>
                <![CDATA[9872129519]]>
              </value>
            </param>
            <param index="1">
              <value>
                <![CDATA[Seltos@123]]>
              </value>
            </param>
          </params>
          <reporter-output>
            <line>
              <![CDATA[Test Case is passed]]>
            </line>
          </reporter-output>
        </test-method> <!-- login1 -->
        <test-method is-config="true" signature="close()[pri:0, instance:SeleniumPackage1.Seleniumproject1.Login_to_Amazon@942a29c]" started-at="2024-10-03T23:37:53 IST" name="close" finished-at="2024-10-03T23:37:54 IST" duration-ms="213" status="PASS">
          <reporter-output>
          </reporter-output>
        </test-method> <!-- close -->
      </class> <!-- SeleniumPackage1.Seleniumproject1.Login_to_Amazon -->
      <class name="SeleniumPackage1.Seleniumproject1.Search_for_product">
        <test-method is-config="true" signature="launchAmazon()[pri:0, instance:SeleniumPackage1.Seleniumproject1.Search_for_product@534a5a98]" started-at="2024-10-03T23:38:18 IST" name="launchAmazon" finished-at="2024-10-03T23:38:23 IST" duration-ms="5392" status="PASS">
          <reporter-output>
          </reporter-output>
        </test-method> <!-- launchAmazon -->
        <test-method signature="search1()[pri:0, instance:SeleniumPackage1.Seleniumproject1.Search_for_product@534a5a98]" started-at="2024-10-03T23:38:23 IST" name="search1" finished-at="2024-10-03T23:38:26 IST" duration-ms="2454" status="PASS">
          <reporter-output>
            <line>
              <![CDATA[Test Case is passed]]>
            </line>
          </reporter-output>
        </test-method> <!-- search1 -->
        <test-method is-config="true" signature="close()[pri:0, instance:SeleniumPackage1.Seleniumproject1.Search_for_product@534a5a98]" started-at="2024-10-03T23:38:26 IST" name="close" finished-at="2024-10-03T23:38:26 IST" duration-ms="210" status="PASS">
          <reporter-output>
          </reporter-output>
        </test-method> <!-- close -->
      </class> <!-- SeleniumPackage1.Seleniumproject1.Search_for_product -->
      <class name="SeleniumPackage1.Seleniumproject1.Registration_to_Amazon">
        <test-method is-config="true" signature="launchAmazon()[pri:0, instance:SeleniumPackage1.Seleniumproject1.Registration_to_Amazon@2ea41516]" started-at="2024-10-03T23:37:33 IST" name="launchAmazon" finished-at="2024-10-03T23:37:38 IST" duration-ms="5078" status="PASS">
          <reporter-output>
          </reporter-output>
        </test-method> <!-- launchAmazon -->
        <test-method signature="creating_new_account()[pri:0, instance:SeleniumPackage1.Seleniumproject1.Registration_to_Amazon@2ea41516]" started-at="2024-10-03T23:37:38 IST" name="creating_new_account" finished-at="2024-10-03T23:37:42 IST" duration-ms="3631" status="PASS">
          <reporter-output>
            <line>
              <![CDATA[Test Case is passed]]>
            </line>
          </reporter-output>
        </test-method> <!-- creating_new_account -->
        <test-method is-config="true" signature="close()[pri:0, instance:SeleniumPackage1.Seleniumproject1.Registration_to_Amazon@2ea41516]" started-at="2024-10-03T23:37:42 IST" name="close" finished-at="2024-10-03T23:37:42 IST" duration-ms="337" status="PASS">
          <reporter-output>
          </reporter-output>
        </test-method> <!-- close -->
      </class> <!-- SeleniumPackage1.Seleniumproject1.Registration_to_Amazon -->
    </test> <!-- Test -->
  </suite> <!-- Suite -->
</testng-results>
